<?xml version="1.0" encoding="UTF-8"?>
<testng-results ignored="0" total="0" passed="0" failed="0" skipped="0">
  <reporter-output>
  </reporter-output>
  <suite started-at="2024-10-22T10:44:11 IST" name="BDD Test Suite" finished-at="2024-10-22T10:44:11 IST" duration-ms="8">
    <groups>
    </groups>
    <test started-at="2024-10-22T10:44:11 IST" name="BDD Tests" finished-at="2024-10-22T10:44:11 IST" duration-ms="8">
    </test> <!-- BDD Tests -->
  </suite> <!-- BDD Test Suite -->
</testng-results>
